


ARM Macro Assembler    Page 1 


    1 00000000         ; SysTick.s
    2 00000000         ; Module written by: Jerry Yang/Aditya Tyagi
    3 00000000         ; Date Created: 2/19/2017
    4 00000000         ; Last Modified: 2/19/2017 
    5 00000000         ; Brief Description: Initializes SysTick
    6 00000000         
    7 00000000 E000E010 
                       NVIC_ST_CTRL_R
                               EQU              0xE000E010
    8 00000000 E000E014 
                       NVIC_ST_RELOAD_R
                               EQU              0xE000E014
    9 00000000 E000E018 
                       NVIC_ST_CURRENT_R
                               EQU              0xE000E018
   10 00000000         
   11 00000000                 AREA             |.text|, CODE, READONLY, ALIGN=
2
   12 00000000                 THUMB
   13 00000000         ; ;-UUU-Export routine(s) from SysTick.s to callers
   14 00000000                 EXPORT           SysTick_Init
   15 00000000                 EXPORT           Read_SysTick
   16 00000000         
   17 00000000         ;------------SysTick_Init------------
   18 00000000         ; ;-UUU-Complete this subroutine
   19 00000000         ; Initialize SysTick with busy wait running at bus clock
                       .
   20 00000000         ; Input: none
   21 00000000         ; Output: none
   22 00000000         ; Modifies: ??
   23 00000000         SysTick_Init
   24 00000000 490A            LDR              R1,=NVIC_ST_CTRL_R
   25 00000002 6808            LDR              R0,[R1]
   26 00000004 F000 000E       AND              R0,#0xE
   27 00000008 6008            STR              R0,[R1]
   28 0000000A         
   29 0000000A 4909            LDR              R1,=NVIC_ST_RELOAD_R
   30 0000000C F060 407F       ORR              R0,#0x00FFFFFF
   31 00000010 6008            STR              R0,[R1]
   32 00000012         
   33 00000012 4908            LDR              R1,=NVIC_ST_CURRENT_R
   34 00000014 6008            STR              R0,[R1]
   35 00000016         
   36 00000016 4905            LDR              R1,=NVIC_ST_CTRL_R
   37 00000018 6808            LDR              R0,[R1]
   38 0000001A F000 000D       AND              R0, #0xD
   39 0000001E F040 0005       ORR              R0,#0x5
   40 00000022 6008            STR              R0,[R1]
   41 00000024         
   42 00000024 4770            BX               LR          ; return
   43 00000026         
   44 00000026         Read_SysTick
   45 00000026 4803            LDR              R0,=NVIC_ST_CURRENT_R
   46 00000028 6800            LDR              R0,[R0]
   47 0000002A 4770            BX               LR
   48 0000002C         
   49 0000002C         
   50 0000002C                 ALIGN                        ; make sure the end
                                                             of this section is



ARM Macro Assembler    Page 2 


                                                             aligned
   51 0000002C                 END                          ; end of file
              E000E010 
              E000E014 
              E000E018 
Command Line: --debug --xref --cpu=Cortex-M4 --apcs=interwork --depend=.\systic
k.d -o.\systick.o -IC:\Keil\ARM\RV31\INC -IC:\Keil\ARM\CMSIS\Include -IC:\Keil\
ARM\Inc\Luminary --predefine="__EVAL SETA 1" --list=.\systick.lst SysTick.s



ARM Macro Assembler    Page 1 Alphabetic symbol ordering
Relocatable symbols

.text 00000000

Symbol: .text
   Definitions
      At line 11 in file SysTick.s
   Uses
      None
Comment: .text unused
Read_SysTick 00000026

Symbol: Read_SysTick
   Definitions
      At line 44 in file SysTick.s
   Uses
      At line 15 in file SysTick.s
Comment: Read_SysTick used once
SysTick_Init 00000000

Symbol: SysTick_Init
   Definitions
      At line 23 in file SysTick.s
   Uses
      At line 14 in file SysTick.s
Comment: SysTick_Init used once
3 symbols



ARM Macro Assembler    Page 1 Alphabetic symbol ordering
Absolute symbols

NVIC_ST_CTRL_R E000E010

Symbol: NVIC_ST_CTRL_R
   Definitions
      At line 7 in file SysTick.s
   Uses
      At line 24 in file SysTick.s
      At line 36 in file SysTick.s

NVIC_ST_CURRENT_R E000E018

Symbol: NVIC_ST_CURRENT_R
   Definitions
      At line 9 in file SysTick.s
   Uses
      At line 33 in file SysTick.s
      At line 45 in file SysTick.s

NVIC_ST_RELOAD_R E000E014

Symbol: NVIC_ST_RELOAD_R
   Definitions
      At line 8 in file SysTick.s
   Uses
      At line 29 in file SysTick.s
Comment: NVIC_ST_RELOAD_R used once
3 symbols
339 symbols in table
